<?xml version="1.0" encoding="UTF-8"?>
<!-- Generated by org.testng.reporters.JUnitReportReporter -->
<testsuite hostname="Pradeep_Computer" failures="0" tests="1" name="VerifyGUI.TestCase2" time="8.357" errors="0" timestamp="2022-06-07T20:13:24 IST" skipped="0">
  <testcase classname="VerifyGUI.TestCase2" name="test" time="8.357"/>
  <system-out/>
</testsuite> <!-- VerifyGUI.TestCase2 -->
